<?xml version="1.0" encoding="UTF-8"?>
<!-- Generated by org.testng.reporters.JUnitReportReporter -->
<testsuite hostname="Sourabh" failures="0" tests="1" name="com.qa.barCode.BarCodeTest" time="10.189" errors="0" timestamp="09 Mar 2019 09:45:45 GMT" skipped="0">
  <testcase classname="com.qa.barCode.BarCodeTest" name="barCode" time="10.189"/>
</testsuite> <!-- com.qa.barCode.BarCodeTest -->
